
2025-01-27 17:47:07 - Method: GET URL: /categories/ Status: 200
2025-01-27 17:47:14 - Method: GET URL: /customers/login?email=rina@example.com&password=748587541 Status: 200
2025-01-27 17:48:11 - Method: GET URL: /customers/login?email=rina@example.com&password=748587541 Status: 200
2025-01-27 17:48:18 - Method: POST URL: /business_owners/signUp Status: 200
2025-01-27 17:48:20 - Method: GET URL: / Status: 200
2025-01-27 17:48:21 - Method: GET URL: / Status: 200
2025-01-27 17:48:22 - Method: GET URL: / Status: 200
2025-01-27 17:48:46 - Method: GET URL: /categories/ Status: 200
2025-01-27 17:48:52 - Method: GET URL: /categories/ Status: 200
2025-01-27 17:50:26 - Method: GET URL: /customers/login?email=rina@example.com&password=748587541 Status: 200
2025-01-27 17:56:00 - Method: GET URL: / Status: 200
2025-01-27 17:56:03 - Method: GET URL: /categories/ Status: 200
2025-01-27 17:56:07 - Method: GET URL: /events/111223344 Status: 200
2025-01-27 17:57:05 - Method: GET URL: /events/111223344 Status: 200
2025-01-27 17:58:11 - Method: GET URL: /customers/login?email=rina@example.com&password=748587541 Status: 200
2025-01-27 18:03:43 - Method: GET URL: / Status: 200
2025-02-03 11:39:45 Method: GET URL: / Status: 200 Response Time: 8.625 ms
2025-02-03 11:43:30 Method: GET URL: / Status: 200 Response Time: 12.111 ms
2025-02-03 11:43:34 Method: GET URL: /customers/login?email=rina@example.com&password=748587541 Status: 200 Response Time: 314.269 ms
2025-02-03 11:45:47 Method: GET URL: /customers/login?email=rina@example.com&password=748587541 Status: 200
2025-02-03 11:45:51 Method: GET URL: /events/111223344 Status: 200
2025-02-07 11:01:14 Method: GET URL: /customers/logIn?email=john%40example.com&password=1234 Status: 200
2025-02-07 11:01:15 Method: GET URL: /events/111223344 Status: 200
2025-02-07 11:01:21 Method: GET URL: /categories/ Status: 200
2025-02-07 11:10:19 Method: GET URL: /customers/logIn?email=john%40example.com&password=1234 Status: 304
2025-02-07 11:10:19 Method: GET URL: /events/111223344 Status: 304
2025-02-07 11:10:44 Method: GET URL: /categories/ Status: 304
2025-02-07 11:14:49 Method: GET URL: /customers/logIn?email=john%40example.com&password=1234 Status: 304
2025-02-07 11:14:49 Method: GET URL: /events/111223344 Status: 304
2025-02-07 11:14:53 Method: GET URL: /categories/ Status: 304
2025-02-07 11:14:54 Method: GET URL: /business/getCategoriesBusiness/13 Status: 200
2025-02-07 11:15:39 Method: GET URL: /customers/logIn?email=john%40example.com&password=1234 Status: 304
2025-02-07 11:15:39 Method: GET URL: /events/111223344 Status: 304
2025-02-07 11:15:51 Method: GET URL: /categories/ Status: 304
2025-02-07 11:15:53 Method: GET URL: /business/getCategoriesBusiness/2 Status: 200
2025-02-07 11:16:53 Method: GET URL: /categories/ Status: 304
2025-02-07 11:16:55 Method: GET URL: /business/getCategoriesBusiness/7 Status: 200
2025-02-07 11:17:03 Method: GET URL: /products/7 Status: 200
2025-02-07 11:17:14 Method: GET URL: /business/getCategoriesBusiness/2 Status: 200
2025-02-07 11:17:16 Method: GET URL: /products/2 Status: 200
2025-02-07 11:17:18 Method: GET URL: /business/getCategoriesBusiness/3 Status: 200
2025-02-07 11:17:19 Method: GET URL: /products/3 Status: 200
2025-02-07 11:17:21 Method: GET URL: /business/getCategoriesBusiness/4 Status: 200
2025-02-07 11:17:22 Method: GET URL: /products/4 Status: 200
2025-02-07 11:17:24 Method: GET URL: /business/getCategoriesBusiness/5 Status: 200
2025-02-07 11:17:25 Method: GET URL: /products/5 Status: 200
2025-02-07 11:17:27 Method: GET URL: /business/getCategoriesBusiness/6 Status: 200
2025-02-07 11:17:28 Method: GET URL: /products/6 Status: 200
2025-02-07 11:17:29 Method: GET URL: /business/getCategoriesBusiness/7 Status: 304
2025-02-07 11:17:30 Method: GET URL: /products/7 Status: 304
2025-02-07 11:17:31 Method: GET URL: /business/getCategoriesBusiness/8 Status: 200
2025-02-07 11:17:32 Method: GET URL: /products/8 Status: 200
2025-02-07 11:17:35 Method: GET URL: /products/8 Status: 304
2025-02-07 11:17:36 Method: GET URL: /business/getCategoriesBusiness/10 Status: 200
2025-02-07 11:17:37 Method: GET URL: /products/10 Status: 200
2025-02-07 11:26:13 Method: GET URL: /business/getCategoriesBusiness/2 Status: 304
2025-02-07 11:26:30 Method: GET URL: /business/getCategoriesBusiness/5 Status: 304
2025-02-07 11:26:31 Method: GET URL: /business/getCategoriesBusiness/10 Status: 304
2025-02-07 11:26:32 Method: GET URL: /business/getCategoriesBusiness/9 Status: 200
2025-02-07 11:26:33 Method: GET URL: /business/getCategoriesBusiness/8 Status: 304
2025-02-07 11:26:33 Method: GET URL: /business/getCategoriesBusiness/3 Status: 304
2025-02-07 11:26:35 Method: GET URL: /business/getCategoriesBusiness/2 Status: 304
2025-02-07 11:26:36 Method: GET URL: /business/getCategoriesBusiness/1 Status: 200
2025-02-07 11:26:38 Method: GET URL: /products/1 Status: 200
2025-02-07 11:33:58 Method: GET URL: /categories/ Status: 304
2025-02-07 11:34:00 Method: GET URL: /business/getCategoriesBusiness/2 Status: 200
2025-02-07 11:34:04 Method: GET URL: /business/getCategoriesBusiness/1 Status: 200
2025-02-07 11:34:07 Method: GET URL: /business/getCategoriesBusiness/8 Status: 200
2025-02-07 11:34:09 Method: GET URL: /business/getCategoriesBusiness/4 Status: 200
2025-02-07 11:34:11 Method: GET URL: /business/getCategoriesBusiness/7 Status: 200
2025-02-07 11:34:14 Method: GET URL: /business/getCategoriesBusiness/2 Status: 304
2025-02-07 11:34:19 Method: GET URL: /business/getCategoriesBusiness/4 Status: 304
2025-02-07 11:34:39 Method: GET URL: /business/getCategoriesBusiness/9 Status: 200
2025-02-07 11:34:40 Method: GET URL: /business/getCategoriesBusiness/10 Status: 200
2025-02-07 11:34:41 Method: GET URL: /business/getCategoriesBusiness/13 Status: 200
2025-02-07 11:34:42 Method: GET URL: /business/getCategoriesBusiness/8 Status: 304
2025-02-07 11:34:43 Method: GET URL: /business/getCategoriesBusiness/12 Status: 200
2025-02-07 11:34:43 Method: GET URL: /business/getCategoriesBusiness/7 Status: 304
2025-02-07 11:34:44 Method: GET URL: /business/getCategoriesBusiness/2 Status: 304
2025-02-07 11:34:45 Method: GET URL: /business/getCategoriesBusiness/1 Status: 304
2025-02-07 11:34:45 Method: GET URL: /business/getCategoriesBusiness/6 Status: 200
2025-02-07 11:34:46 Method: GET URL: /business/getCategoriesBusiness/11 Status: 200
2025-02-07 11:34:47 Method: GET URL: /business/getCategoriesBusiness/5 Status: 200
2025-02-07 11:34:48 Method: GET URL: /business/getCategoriesBusiness/4 Status: 304
2025-02-07 11:34:48 Method: GET URL: /business/getCategoriesBusiness/3 Status: 200
2025-02-07 11:36:50 Method: GET URL: /business/getCategoriesBusiness/7 Status: 304
2025-02-07 11:36:51 Method: GET URL: /business/getCategoriesBusiness/2 Status: 304
2025-02-07 11:36:52 Method: GET URL: /business/getCategoriesBusiness/1 Status: 304
2025-02-07 11:36:53 Method: GET URL: /business/getCategoriesBusiness/6 Status: 304
2025-02-07 11:42:36 Method: GET URL: /business/getCategoriesBusiness/2 Status: 400
2025-02-07 11:42:49 Method: GET URL: /business/getCategoriesBusiness/13 Status: 400
2025-02-07 11:42:52 Method: GET URL: /business/getCategoriesBusiness/7 Status: 400
2025-02-07 11:43:34 Method: GET URL: /customers/logIn?email=john%40example.com&password=1234 Status: 304
2025-02-07 11:43:34 Method: GET URL: /events/111223344 Status: 304
2025-02-07 11:43:39 Method: GET URL: /categories/ Status: 304
2025-02-07 11:43:41 Method: GET URL: /business/getCategoriesBusiness/3 Status: 400
2025-02-07 11:45:29 Method: GET URL: /business/getCategoriesBusiness/7 Status: 400
2025-02-07 11:46:19 Method: GET URL: /customers/logIn?email=john%40example.com&password=1234 Status: 304
2025-02-07 11:46:19 Method: GET URL: /events/111223344 Status: 304
2025-02-07 11:46:21 Method: GET URL: /categories/ Status: 304
2025-02-07 11:46:23 Method: GET URL: /business/getCategoriesBusiness/8 Status: 400
2025-02-07 11:48:45 Method: GET URL: /business/getCategoriesBusiness/1 Status: 200
2025-02-07 11:48:50 Method: GET URL: /products/1 Status: 304
2025-02-07 11:48:52 Method: OPTIONS URL: /business_in_event/addOrder Status: 204
2025-02-07 11:48:53 Method: POST URL: /business_in_event/addOrder Status: 200
2025-02-07 11:48:56 Method: GET URL: /products/1 Status: 304
2025-02-07 11:49:00 Method: OPTIONS URL: /business_in_event/addOrder Status: 204
2025-02-07 11:49:00 Method: POST URL: /business_in_event/addOrder Status: 200
2025-02-07 11:49:02 Method: GET URL: /products/1 Status: 304
2025-02-07 11:49:04 Method: GET URL: /business/getCategoriesBusiness/7 Status: 200
2025-02-07 11:49:05 Method: GET URL: /products/7 Status: 304
2025-02-07 11:49:55 Method: GET URL: /business/getCategoriesBusiness/1 Status: 304
2025-02-07 11:49:56 Method: GET URL: /products/1 Status: 304
2025-02-07 11:49:57 Method: GET URL: /business/getCategoriesBusiness/8 Status: 200
2025-02-07 11:49:59 Method: GET URL: /products/8 Status: 304
2025-02-07 11:51:35 Method: GET URL: /business/getCategoriesBusiness/1 Status: 304
2025-02-07 11:51:37 Method: GET URL: /products/1 Status: 304
2025-02-07 11:51:38 Method: GET URL: /business/getCategoriesBusiness/8 Status: 304
2025-02-07 11:51:38 Method: GET URL: /products/8 Status: 304
2025-02-07 11:54:54 Method: GET URL: /business/getCategoriesBusiness/1 Status: 304
2025-02-07 11:54:56 Method: GET URL: /business/getCategoriesBusiness/7 Status: 304
2025-02-07 11:54:57 Method: GET URL: /products/7 Status: 304
2025-02-07 11:54:58 Method: GET URL: /business/getCategoriesBusiness/13 Status: 500
2025-02-07 11:55:37 Method: GET URL: /business/getCategoriesBusiness/9 Status: 200
2025-02-07 11:55:38 Method: GET URL: /business/getCategoriesBusiness/10 Status: 200
2025-02-07 11:55:39 Method: GET URL: /products/10 Status: 304
2025-02-07 11:55:40 Method: GET URL: /business/getCategoriesBusiness/12 Status: 500
2025-02-07 11:55:43 Method: GET URL: /business/getCategoriesBusiness/11 Status: 500
2025-02-07 11:55:45 Method: GET URL: /business/getCategoriesBusiness/6 Status: 200
2025-02-07 11:55:46 Method: GET URL: /products/6 Status: 304
2025-02-07 11:55:47 Method: GET URL: /business/getCategoriesBusiness/6 Status: 304
2025-02-07 11:55:48 Method: GET URL: /products/6 Status: 304
2025-02-07 11:55:49 Method: GET URL: /business/getCategoriesBusiness/7 Status: 304
2025-02-07 11:55:50 Method: GET URL: /products/7 Status: 304
2025-02-07 11:55:50 Method: GET URL: /business/getCategoriesBusiness/3 Status: 200
2025-02-07 11:55:51 Method: GET URL: /products/3 Status: 304
2025-02-07 11:55:52 Method: GET URL: /business/getCategoriesBusiness/4 Status: 200
2025-02-07 11:55:53 Method: GET URL: /products/4 Status: 304
2025-02-07 11:55:55 Method: GET URL: /business/getCategoriesBusiness/5 Status: 200
2025-02-07 11:56:10 Method: GET URL: /business/getCategoriesBusiness/2 Status: 200
2025-02-07 11:56:10 Method: GET URL: /business/getCategoriesBusiness/2 Status: 304
2025-02-07 11:56:11 Method: GET URL: /products/2 Status: 304
2025-02-07 11:56:12 Method: GET URL: /business/getCategoriesBusiness/12 Status: 500
2025-02-07 11:56:16 Method: GET URL: /business/getCategoriesBusiness/11 Status: 500
2025-02-07 11:56:17 Method: GET URL: /business/getCategoriesBusiness/6 Status: 304
2025-02-07 11:56:18 Method: GET URL: /products/6 Status: 304
2025-02-07 11:56:20 Method: GET URL: /products/6 Status: 304
2025-02-07 11:56:21 Method: GET URL: /business/getCategoriesBusiness/12 Status: 500
2025-02-07 11:56:23 Method: GET URL: /business/getCategoriesBusiness/9 Status: 304
2025-02-07 11:56:24 Method: GET URL: /products/9 Status: 200
2025-02-07 11:56:26 Method: GET URL: /business/getCategoriesBusiness/10 Status: 304
2025-02-07 11:56:26 Method: GET URL: /products/10 Status: 304
2025-02-07 11:56:27 Method: GET URL: /business/getCategoriesBusiness/12 Status: 500
2025-02-07 11:57:42 Method: GET URL: /categories/ Status: 200
2025-02-07 11:57:49 Method: GET URL: /business/getCategoriesBusiness/12 Status: 500
2025-02-07 11:57:53 Method: GET URL: /business/getCategoriesBusiness/11 Status: 500
2025-02-07 11:57:55 Method: GET URL: /business/getCategoriesBusiness/1 Status: 200
2025-02-07 11:57:58 Method: GET URL: /products/1 Status: 200
2025-02-07 11:58:10 Method: GET URL: /business/getCategoriesBusiness/8 Status: 200
2025-02-07 11:58:11 Method: GET URL: /products/8 Status: 200
2025-02-07 11:58:21 Method: GET URL: /business/getCategoriesBusiness/9 Status: 200
2025-02-07 11:58:21 Method: GET URL: /products/9 Status: 200
2025-02-07 11:58:29 Method: GET URL: /business/getCategoriesBusiness/5 Status: 200
2025-02-07 11:58:31 Method: GET URL: /products/5 Status: 200
2025-02-07 11:58:32 Method: GET URL: /business/getCategoriesBusiness/10 Status: 200
2025-02-07 11:58:33 Method: GET URL: /products/10 Status: 200
2025-02-07 11:58:34 Method: GET URL: /business/getCategoriesBusiness/13 Status: 500
2025-02-07 11:58:50 Method: GET URL: /products/10 Status: 200
2025-02-07 11:58:52 Method: GET URL: /products/10 Status: 200
2025-02-07 11:58:53 Method: GET URL: /products/10 Status: 200
2025-02-07 11:58:55 Method: OPTIONS URL: /business_in_event/addOrder Status: 204
2025-02-07 11:58:55 Method: POST URL: /business_in_event/addOrder Status: 200
2025-02-07 11:58:58 Method: GET URL: /business/getCategoriesBusiness/13 Status: 500
2025-02-07 11:59:09 Method: GET URL: /business/getCategoriesBusiness/11 Status: 500
2025-02-07 11:59:11 Method: GET URL: /business/getCategoriesBusiness/6 Status: 200
2025-02-07 11:59:12 Method: GET URL: /products/6 Status: 200
2025-02-07 12:00:55 Method: GET URL: /business/getCategoriesBusiness/1 Status: 200
2025-02-07 12:00:56 Method: GET URL: /business/getCategoriesBusiness/6 Status: 200
2025-02-07 12:00:57 Method: GET URL: /products/6 Status: 200
2025-02-07 12:00:58 Method: GET URL: /business/getCategoriesBusiness/6 Status: 200
2025-02-07 12:00:59 Method: GET URL: /products/6 Status: 200
2025-02-07 12:01:00 Method: GET URL: /business/getCategoriesBusiness/2 Status: 200
2025-02-07 12:01:01 Method: GET URL: /products/2 Status: 200
2025-02-08 22:47:55 Method: GET URL: /business/getCategoriesBusiness/13 Status: 500
2025-02-08 22:48:07 Method: GET URL: /business/getCategoriesBusiness/12 Status: 500
2025-02-08 22:48:10 Method: GET URL: /business/getCategoriesBusiness/6 Status: 200
2025-02-08 22:48:11 Method: GET URL: /business/getCategoriesBusiness/1 Status: 200
2025-02-08 22:48:11 Method: GET URL: /products/1 Status: 200
2025-02-08 22:48:31 Method: GET URL: /business/getCategoriesBusiness/5 Status: 200
2025-02-08 22:48:33 Method: GET URL: /business/getCategoriesBusiness/1 Status: 200
2025-02-08 22:48:34 Method: GET URL: /products/1 Status: 200
2025-02-08 22:48:35 Method: GET URL: /business/getCategoriesBusiness/10 Status: 200
2025-02-08 22:48:36 Method: GET URL: /products/10 Status: 200
2025-02-08 22:48:36 Method: GET URL: /products/10 Status: 200
2025-02-08 22:48:38 Method: GET URL: /business/getCategoriesBusiness/9 Status: 200
2025-02-08 22:48:39 Method: GET URL: /products/9 Status: 200
2025-02-08 22:48:41 Method: GET URL: /business/getCategoriesBusiness/10 Status: 200
2025-02-08 22:48:43 Method: GET URL: /products/10 Status: 200
2025-02-08 22:48:44 Method: GET URL: /business/getCategoriesBusiness/11 Status: 500
2025-02-08 22:48:47 Method: GET URL: /business/getCategoriesBusiness/11 Status: 500
2025-02-08 22:48:49 Method: GET URL: /business/getCategoriesBusiness/12 Status: 500
2025-02-08 22:48:51 Method: GET URL: /business/getCategoriesBusiness/9 Status: 200
2025-02-08 22:48:54 Method: GET URL: /business/getCategoriesBusiness/7 Status: 200
2025-02-08 22:48:56 Method: GET URL: /business/getCategoriesBusiness/8 Status: 200
2025-02-08 22:48:57 Method: GET URL: /business/getCategoriesBusiness/9 Status: 200
2025-02-08 22:48:58 Method: GET URL: /business/getCategoriesBusiness/10 Status: 200
2025-02-08 22:49:00 Method: GET URL: /products/10 Status: 200
2025-02-08 22:49:02 Method: GET URL: /business/getCategoriesBusiness/12 Status: 500
2025-02-08 22:49:55 Method: GET URL: /business/getCategoriesBusiness/10 Status: 200
2025-02-08 22:49:56 Method: GET URL: /products/10 Status: 200
2025-02-08 22:50:01 Method: GET URL: /business/getCategoriesBusiness/9 Status: 200
2025-02-08 22:50:02 Method: GET URL: /products/9 Status: 200
2025-02-08 22:50:05 Method: GET URL: /business/getCategoriesBusiness/11 Status: 500
2025-02-08 22:50:42 Method: GET URL: /business/getCategoriesBusiness/7 Status: 200
2025-02-08 22:50:43 Method: GET URL: /products/7 Status: 200
2025-02-08 22:52:35 Method: GET URL: /business/getCategoriesBusiness/4 Status: 200
2025-02-08 22:52:37 Method: GET URL: /products/4 Status: 200
2025-02-08 22:52:39 Method: GET URL: /business/getCategoriesBusiness/7 Status: 200
2025-02-08 22:52:42 Method: GET URL: /business/getCategoriesBusiness/11 Status: 500
2025-02-08 22:52:47 Method: GET URL: /business/getCategoriesBusiness/8 Status: 200
2025-02-08 22:52:49 Method: GET URL: /products/8 Status: 200
2025-02-08 22:52:52 Method: GET URL: /business/getCategoriesBusiness/2 Status: 200
2025-02-08 22:52:53 Method: GET URL: /business/getCategoriesBusiness/1 Status: 200
